0 info it worked if it ends with ok
1 verbose cli [ 'node',
1 verbose cli   '/usr/local/bin/npm',
1 verbose cli   'install',
1 verbose cli   'yourMissingDependency' ]
2 info using npm@2.1.4
3 info using node@v0.10.32
4 warn package.json bio@1.0.0 No description
5 warn package.json bio@1.0.0 No repository field.
6 warn package.json bio@1.0.0 No README data
7 silly cache add args [ 'yourMissingDependency', null ]
8 verbose cache add spec yourMissingDependency
9 silly cache add parsed spec { raw: 'yourMissingDependency',
9 silly cache add   scope: null,
9 silly cache add   name: 'yourMissingDependency',
9 silly cache add   rawSpec: '',
9 silly cache add   spec: '*',
9 silly cache add   type: 'range' }
10 verbose addNamed yourMissingDependency@*
11 silly addNamed semver.valid null
12 silly addNamed semver.validRange *
13 silly addNameRange { name: 'yourMissingDependency', range: '*', hasData: false }
14 verbose mapToRegistry name yourMissingDependency
15 verbose mapToRegistry uri https://registry.npmjs.org/yourMissingDependency
16 verbose addNameRange registry:https://registry.npmjs.org/yourMissingDependency not in flight; fetching
17 verbose request on initialization, where is /yourMissingDependency
18 verbose request after pass 1, where is /yourMissingDependency
19 verbose request url raw /yourMissingDependency
20 verbose request resolving registry [ 'https://registry.npmjs.org/', './yourMissingDependency' ]
21 verbose request after pass 2, where is https://registry.npmjs.org/yourMissingDependency
22 verbose request no auth needed
23 info attempt registry request try #1 at 23:11:03
24 verbose request id 11998f845f7c7279
25 http request GET https://registry.npmjs.org/yourMissingDependency
26 http 404 https://registry.npmjs.org/yourMissingDependency
27 verbose headers { date: 'Sat, 22 Nov 2014 07:11:04 GMT',
27 verbose headers   server: 'CouchDB/1.5.0 (Erlang OTP/R16B03)',
27 verbose headers   'content-type': 'application/json',
27 verbose headers   'cache-control': 'max-age=0',
27 verbose headers   'content-length': '52',
27 verbose headers   'accept-ranges': 'bytes',
27 verbose headers   via: '1.1 varnish',
27 verbose headers   age: '0',
27 verbose headers   'x-served-by': 'cache-sjc3126-SJC',
27 verbose headers   'x-cache': 'MISS',
27 verbose headers   'x-cache-hits': '0',
27 verbose headers   'x-timer': 'S1416640264.285586,VS0,VE85',
27 verbose headers   'keep-alive': 'timeout=10, max=50',
27 verbose headers   connection: 'Keep-Alive' }
28 silly registry.get cb [ 404,
28 silly registry.get   { date: 'Sat, 22 Nov 2014 07:11:04 GMT',
28 silly registry.get     server: 'CouchDB/1.5.0 (Erlang OTP/R16B03)',
28 silly registry.get     'content-type': 'application/json',
28 silly registry.get     'cache-control': 'max-age=0',
28 silly registry.get     'content-length': '52',
28 silly registry.get     'accept-ranges': 'bytes',
28 silly registry.get     via: '1.1 varnish',
28 silly registry.get     age: '0',
28 silly registry.get     'x-served-by': 'cache-sjc3126-SJC',
28 silly registry.get     'x-cache': 'MISS',
28 silly registry.get     'x-cache-hits': '0',
28 silly registry.get     'x-timer': 'S1416640264.285586,VS0,VE85',
28 silly registry.get     'keep-alive': 'timeout=10, max=50',
28 silly registry.get     connection: 'Keep-Alive' } ]
29 verbose stack Error: 404 Not Found: yourMissingDependency
29 verbose stack     at RegClient.<anonymous> (/usr/local/lib/node_modules/npm/node_modules/npm-registry-client/lib/request.js:258:14)
29 verbose stack     at Request._callback (/usr/local/lib/node_modules/npm/node_modules/npm-registry-client/lib/request.js:197:65)
29 verbose stack     at Request.self.callback (/usr/local/lib/node_modules/npm/node_modules/request/request.js:237:22)
29 verbose stack     at Request.emit (events.js:98:17)
29 verbose stack     at Request.<anonymous> (/usr/local/lib/node_modules/npm/node_modules/request/request.js:1146:14)
29 verbose stack     at Request.emit (events.js:117:20)
29 verbose stack     at IncomingMessage.<anonymous> (/usr/local/lib/node_modules/npm/node_modules/request/request.js:1097:12)
29 verbose stack     at IncomingMessage.emit (events.js:117:20)
29 verbose stack     at _stream_readable.js:943:16
29 verbose stack     at process._tickCallback (node.js:419:13)
30 verbose statusCode 404
31 verbose pkgid yourMissingDependency
32 verbose cwd /Users/brentparrish/Documents/codeSkool/devaccJS/bio/public
33 error Darwin 13.4.0
34 error argv "node" "/usr/local/bin/npm" "install" "yourMissingDependency"
35 error node v0.10.32
36 error npm  v2.1.4
37 error code E404
38 error 404 Not Found: yourMissingDependency
38 error 404
38 error 404 'yourMissingDependency' is not in the npm registry.
38 error 404 You should bug the author to publish it (or use the name yourself!)
38 error 404 It was specified as a dependency of 'bio'
38 error 404
38 error 404 Note that you can also install from a
38 error 404 tarball, folder, http url, or git url.
39 verbose exit [ 1, true ]
